<?xml version="1.0" encoding="UTF-8"?>
<!-- Generated by org.testng.reporters.JUnitReportReporter -->
<testsuite hostname="DESKTOP-3JA0FBS" failures="0" tests="1" name="tests.FieldAvailablityValidationTests" time="32.849" errors="0" timestamp="2024-08-29T19:43:47 IST" skipped="0">
  <testcase classname="tests.FieldAvailablityValidationTests" name="validating_Check_in_field_availability" time="32.849"/>
</testsuite> <!-- tests.FieldAvailablityValidationTests -->
