<?xml version="1.0" encoding="UTF-8"?>
<!-- Generated by org.testng.reporters.JUnitReportReporter -->
<testsuite hostname="DESKTOP-3JA0FBS" failures="0" tests="6" name="tests.FlightSearchTests" time="1288.488" errors="0" timestamp="2024-09-01T12:57:50 IST" skipped="0">
  <testcase classname="tests.FlightSearchTests" name="entering_Valid_Flight_Search_Details_for_One_Way_Trip" time="159.843"/>
  <testcase classname="tests.FlightSearchTests" name="modifying_Valid_Flight_Search_Details_for_One_Way_Trip" time="245.654"/>
  <testcase classname="tests.FlightSearchTests" name="entering_Invalid_Flight_Search_Details_for_One_Way_Trip" time="199.675"/>
  <testcase classname="tests.FlightSearchTests" name="entering_Valid_Flight_Search_Details_for_Round_Trip" time="194.911"/>
  <testcase classname="tests.FlightSearchTests" name="modifying_Valid_Flight_Search_Details_for_Round_Trip" time="300.855"/>
  <testcase classname="tests.FlightSearchTests" name="entering_Invalid_Flight_Search_Details_for_Round_Trip" time="187.550"/>
</testsuite> <!-- tests.FlightSearchTests -->
