<?xml version="1.0" encoding="UTF-8"?>
<!-- Generated by org.testng.reporters.JUnitReportReporter -->
<testsuite hostname="DESKTOP-3JA0FBS" failures="0" tests="1" name="tests.FightSearchTests" time="52.581" errors="0" timestamp="2024-08-28T21:56:52 IST" skipped="0">
  <testcase classname="tests.FightSearchTests" name="modifying_Valid_Flight_Search_Details_for_One_Way_Trip" time="52.581"/>
</testsuite> <!-- tests.FightSearchTests -->
