<?xml version="1.0" encoding="UTF-8"?>
<!-- Generated by org.testng.reporters.JUnitReportReporter -->
<testsuite hostname="DESKTOP-3JA0FBS" failures="1" tests="1" name="tests.FlightSearchTests2" time="186.773" errors="0" timestamp="2024-08-31T17:00:44 IST" skipped="0">
  <testcase classname="tests.FlightSearchTests2" name="entering_Valid_Flight_Search_Details_for_One_Way_Trip" time="186.773">
    <failure message="expected [Your booking is confirmed, and we&#039;ll see you on 5-October-2024! Thank you for booking SpiceJet Flight Service] but found [Important Notification
Reference Id: QM8HZS4G
Please contact support in case of payment failure.
Payment Failure
Sorry! We’re having trouble processing your payment. Incase your booking is not confirmed but your amount is deducted then it will be auto refunded in 7 working days towards your account. You may contact our reservation helpline number +91(0)124 4983410/ +91(0)124 7101600  with Transaction ID - VTAUWCGY for assistance.
Payment Methods
Credit/Debit Card
NetBanking
UPI
Wallets
EMI
Credit Shell
SC Points
Voucher
Available EMI
Enter Debit / Credit Card Details
Card Number
Please enter a valid card
Card Holder Name
Please enter a valid name
Expiry
CVV
I have read and understood all the Terms and Conditions. I agree to proceed.]" type="java.lang.AssertionError">
      <![CDATA[java.lang.AssertionError: expected [Your booking is confirmed, and we'll see you on 5-October-2024! Thank you for booking SpiceJet Flight Service] but found [Important Notification
Reference Id: QM8HZS4G
Please contact support in case of payment failure.
Payment Failure
Sorry! We’re having trouble processing your payment. Incase your booking is not confirmed but your amount is deducted then it will be auto refunded in 7 working days towards your account. You may contact our reservation helpline number +91(0)124 4983410/ +91(0)124 7101600  with Transaction ID - VTAUWCGY for assistance.
Payment Methods
Credit/Debit Card
NetBanking
UPI
Wallets
EMI
Credit Shell
SC Points
Voucher
Available EMI
Enter Debit / Credit Card Details
Card Number
Please enter a valid card
Card Holder Name
Please enter a valid name
Expiry
CVV
I have read and understood all the Terms and Conditions. I agree to proceed.]
at org.testng.Assert.fail(Assert.java:111)
at org.testng.Assert.failNotEquals(Assert.java:1578)
at org.testng.Assert.assertEqualsImpl(Assert.java:150)
at org.testng.Assert.assertEquals(Assert.java:132)
at org.testng.Assert.assertEquals(Assert.java:656)
at org.testng.Assert.assertEquals(Assert.java:666)
at pageObjects.PaymentPage.validateBooking(PaymentPage.java:106)
at pageObjects.PaymentPage.proceedToPayment(PaymentPage.java:99)
at tests.FlightSearchTests2.entering_Valid_Flight_Search_Details_for_One_Way_Trip(FlightSearchTests2.java:33)
at java.base/jdk.internal.reflect.NativeMethodAccessorImpl.invoke0(Native Method)
at java.base/jdk.internal.reflect.NativeMethodAccessorImpl.invoke(NativeMethodAccessorImpl.java:78)
at java.base/jdk.internal.reflect.DelegatingMethodAccessorImpl.invoke(DelegatingMethodAccessorImpl.java:43)
at java.base/java.lang.reflect.Method.invoke(Method.java:567)
at org.testng.internal.invokers.MethodInvocationHelper.invokeMethod(MethodInvocationHelper.java:141)
at org.testng.internal.invokers.TestInvoker.invokeMethod(TestInvoker.java:686)
at org.testng.internal.invokers.TestInvoker.invokeTestMethod(TestInvoker.java:230)
at org.testng.internal.invokers.MethodRunner.runInSequence(MethodRunner.java:63)
at org.testng.internal.invokers.TestInvoker$MethodInvocationAgent.invoke(TestInvoker.java:992)
at org.testng.internal.invokers.TestInvoker.invokeTestMethods(TestInvoker.java:203)
at org.testng.internal.invokers.TestMethodWorker.invokeTestMethods(TestMethodWorker.java:154)
at org.testng.internal.invokers.TestMethodWorker.run(TestMethodWorker.java:134)
at java.base/java.util.ArrayList.forEach(ArrayList.java:1511)
at org.testng.TestRunner.privateRun(TestRunner.java:739)
at org.testng.TestRunner.run(TestRunner.java:614)
at org.testng.SuiteRunner.runTest(SuiteRunner.java:421)
at org.testng.SuiteRunner.runSequentially(SuiteRunner.java:413)
at org.testng.SuiteRunner.privateRun(SuiteRunner.java:373)
at org.testng.SuiteRunner.run(SuiteRunner.java:312)
at org.testng.SuiteRunnerWorker.runSuite(SuiteRunnerWorker.java:52)
at org.testng.SuiteRunnerWorker.run(SuiteRunnerWorker.java:95)
at org.testng.TestNG.runSuitesSequentially(TestNG.java:1274)
at org.testng.TestNG.runSuitesLocally(TestNG.java:1208)
at org.testng.TestNG.runSuites(TestNG.java:1112)
at org.testng.TestNG.run(TestNG.java:1079)
at org.testng.remote.AbstractRemoteTestNG.run(AbstractRemoteTestNG.java:115)
at org.testng.remote.RemoteTestNG.initAndRun(RemoteTestNG.java:293)
at org.testng.remote.RemoteTestNG.main(RemoteTestNG.java:91)
]]>
    </failure>
  </testcase> <!-- entering_Valid_Flight_Search_Details_for_One_Way_Trip -->
</testsuite> <!-- tests.FlightSearchTests2 -->
