<?xml version="1.0" encoding="UTF-8"?>
<!-- Generated by org.testng.reporters.JUnitReportReporter -->
<testsuite hostname="DESKTOP-3JA0FBS" failures="0" tests="3" name="tests.FieldAvailabilityValidationTests" time="70.064" errors="0" timestamp="2024-09-01T12:57:50 IST" skipped="0">
  <testcase classname="tests.FieldAvailabilityValidationTests" name="validating_Check_in_field_availability" time="23.999"/>
  <testcase classname="tests.FieldAvailabilityValidationTests" name="validating_Flight_Status_field_availability" time="23.236"/>
  <testcase classname="tests.FieldAvailabilityValidationTests" name="validating_Manage_Booking_field_availability" time="22.829"/>
</testsuite> <!-- tests.FieldAvailabilityValidationTests -->
